This file contains any messages produced by compilers while
running configure, to aid debugging if configure makes a mistake.

It was created by agent2d configure 3.1.1, which was
generated by GNU Autoconf 2.68.  Invocation command line was

  $ ./configure 

## --------- ##
## Platform. ##
## --------- ##

hostname = pedrofranki-Lenovo-ideapad-310-15ISK
uname -m = x86_64
uname -r = 5.3.0-40-generic
uname -s = Linux
uname -v = #32~18.04.1-Ubuntu SMP Mon Feb 3 14:05:59 UTC 2020

/usr/bin/uname -p = unknown
/bin/uname -X     = unknown

/bin/arch              = unknown
/usr/bin/arch -k       = unknown
/usr/convex/getsysinfo = unknown
/usr/bin/hostinfo      = unknown
/bin/machine           = unknown
/usr/bin/oslevel       = unknown
/bin/universe          = unknown

PATH: /home/pedrofranki/.nvm/versions/node/v12.15.0/bin
PATH: /usr/local/sbin
PATH: /usr/local/bin
PATH: /usr/sbin
PATH: /usr/bin
PATH: /sbin
PATH: /bin
PATH: /usr/games
PATH: /usr/local/games
PATH: /snap/bin


## ----------- ##
## Core tests. ##
## ----------- ##

configure:2293: checking for a BSD-compatible install
configure:2361: result: /usr/bin/install -c
configure:2372: checking whether build environment is sane
configure:2422: result: yes
configure:2563: checking for a thread-safe mkdir -p
configure:2602: result: /bin/mkdir -p
configure:2615: checking for gawk
configure:2645: result: no
configure:2615: checking for mawk
configure:2631: found /usr/bin/mawk
configure:2642: result: mawk
configure:2653: checking whether make sets $(MAKE)
configure:2675: result: yes
configure:2823: checking for g++
configure:2839: found /usr/bin/g++
configure:2850: result: g++
configure:2877: checking for C++ compiler version
configure:2886: g++ --version >&5
g++ (Ubuntu 7.4.0-1ubuntu1~18.04.1) 7.4.0
Copyright (C) 2017 Free Software Foundation, Inc.
This is free software; see the source for copying conditions.  There is NO
warranty; not even for MERCHANTABILITY or FITNESS FOR A PARTICULAR PURPOSE.

configure:2897: $? = 0
configure:2886: g++ -v >&5
Using built-in specs.
COLLECT_GCC=g++
COLLECT_LTO_WRAPPER=/usr/lib/gcc/x86_64-linux-gnu/7/lto-wrapper
OFFLOAD_TARGET_NAMES=nvptx-none
OFFLOAD_TARGET_DEFAULT=1
Target: x86_64-linux-gnu
Configured with: ../src/configure -v --with-pkgversion='Ubuntu 7.4.0-1ubuntu1~18.04.1' --with-bugurl=file:///usr/share/doc/gcc-7/README.Bugs --enable-languages=c,ada,c++,go,brig,d,fortran,objc,obj-c++ --prefix=/usr --with-gcc-major-version-only --program-suffix=-7 --program-prefix=x86_64-linux-gnu- --enable-shared --enable-linker-build-id --libexecdir=/usr/lib --without-included-gettext --enable-threads=posix --libdir=/usr/lib --enable-nls --with-sysroot=/ --enable-clocale=gnu --enable-libstdcxx-debug --enable-libstdcxx-time=yes --with-default-libstdcxx-abi=new --enable-gnu-unique-object --disable-vtable-verify --enable-libmpx --enable-plugin --enable-default-pie --with-system-zlib --with-target-system-zlib --enable-objc-gc=auto --enable-multiarch --disable-werror --with-arch-32=i686 --with-abi=m64 --with-multilib-list=m32,m64,mx32 --enable-multilib --with-tune=generic --enable-offload-targets=nvptx-none --without-cuda-driver --enable-checking=release --build=x86_64-linux-gnu --host=x86_64-linux-gnu --target=x86_64-linux-gnu
Thread model: posix
gcc version 7.4.0 (Ubuntu 7.4.0-1ubuntu1~18.04.1) 
configure:2897: $? = 0
configure:2886: g++ -V >&5
g++: error: unrecognized command line option '-V'
g++: fatal error: no input files
compilation terminated.
configure:2897: $? = 1
configure:2886: g++ -qversion >&5
g++: error: unrecognized command line option '-qversion'; did you mean '--version'?
g++: fatal error: no input files
compilation terminated.
configure:2897: $? = 1
configure:2917: checking whether the C++ compiler works
configure:2939: g++    conftest.cpp  >&5
configure:2943: $? = 0
configure:2991: result: yes
configure:2994: checking for C++ compiler default output file name
configure:2996: result: a.out
configure:3002: checking for suffix of executables
configure:3009: g++ -o conftest    conftest.cpp  >&5
configure:3013: $? = 0
configure:3035: result: 
configure:3057: checking whether we are cross compiling
configure:3065: g++ -o conftest    conftest.cpp  >&5
configure:3069: $? = 0
configure:3076: ./conftest
configure:3080: $? = 0
configure:3095: result: no
configure:3100: checking for suffix of object files
configure:3122: g++ -c   conftest.cpp >&5
configure:3126: $? = 0
configure:3147: result: o
configure:3151: checking whether we are using the GNU C++ compiler
configure:3170: g++ -c   conftest.cpp >&5
configure:3170: $? = 0
configure:3179: result: yes
configure:3188: checking whether g++ accepts -g
configure:3208: g++ -c -g  conftest.cpp >&5
configure:3208: $? = 0
configure:3249: result: yes
configure:3283: checking for style of include used by make
configure:3311: result: GNU
configure:3336: checking dependency style of g++
configure:3446: result: gcc3
configure:3509: checking for gcc
configure:3525: found /usr/bin/gcc
configure:3536: result: gcc
configure:3765: checking for C compiler version
configure:3774: gcc --version >&5
gcc (Ubuntu 7.4.0-1ubuntu1~18.04.1) 7.4.0
Copyright (C) 2017 Free Software Foundation, Inc.
This is free software; see the source for copying conditions.  There is NO
warranty; not even for MERCHANTABILITY or FITNESS FOR A PARTICULAR PURPOSE.

configure:3785: $? = 0
configure:3774: gcc -v >&5
Using built-in specs.
COLLECT_GCC=gcc
COLLECT_LTO_WRAPPER=/usr/lib/gcc/x86_64-linux-gnu/7/lto-wrapper
OFFLOAD_TARGET_NAMES=nvptx-none
OFFLOAD_TARGET_DEFAULT=1
Target: x86_64-linux-gnu
Configured with: ../src/configure -v --with-pkgversion='Ubuntu 7.4.0-1ubuntu1~18.04.1' --with-bugurl=file:///usr/share/doc/gcc-7/README.Bugs --enable-languages=c,ada,c++,go,brig,d,fortran,objc,obj-c++ --prefix=/usr --with-gcc-major-version-only --program-suffix=-7 --program-prefix=x86_64-linux-gnu- --enable-shared --enable-linker-build-id --libexecdir=/usr/lib --without-included-gettext --enable-threads=posix --libdir=/usr/lib --enable-nls --with-sysroot=/ --enable-clocale=gnu --enable-libstdcxx-debug --enable-libstdcxx-time=yes --with-default-libstdcxx-abi=new --enable-gnu-unique-object --disable-vtable-verify --enable-libmpx --enable-plugin --enable-default-pie --with-system-zlib --with-target-system-zlib --enable-objc-gc=auto --enable-multiarch --disable-werror --with-arch-32=i686 --with-abi=m64 --with-multilib-list=m32,m64,mx32 --enable-multilib --with-tune=generic --enable-offload-targets=nvptx-none --without-cuda-driver --enable-checking=release --build=x86_64-linux-gnu --host=x86_64-linux-gnu --target=x86_64-linux-gnu
Thread model: posix
gcc version 7.4.0 (Ubuntu 7.4.0-1ubuntu1~18.04.1) 
configure:3785: $? = 0
configure:3774: gcc -V >&5
gcc: error: unrecognized command line option '-V'
gcc: fatal error: no input files
compilation terminated.
configure:3785: $? = 1
configure:3774: gcc -qversion >&5
gcc: error: unrecognized command line option '-qversion'; did you mean '--version'?
gcc: fatal error: no input files
compilation terminated.
configure:3785: $? = 1
configure:3789: checking whether we are using the GNU C compiler
configure:3808: gcc -c   conftest.c >&5
configure:3808: $? = 0
configure:3817: result: yes
configure:3826: checking whether gcc accepts -g
configure:3846: gcc -c -g  conftest.c >&5
configure:3846: $? = 0
configure:3887: result: yes
configure:3904: checking for gcc option to accept ISO C89
configure:3968: gcc  -c -g -O2  conftest.c >&5
configure:3968: $? = 0
configure:3981: result: none needed
configure:4003: checking dependency style of gcc
configure:4113: result: gcc3
configure:4171: checking for ranlib
configure:4187: found /usr/bin/ranlib
configure:4198: result: ranlib
configure:4220: checking whether ln -s works
configure:4224: result: yes
configure:4283: checking for boostlib >= 1.32.0
configure:4343: g++ -c -g -O2  -I/usr/include conftest.cpp >&5
configure:4343: $? = 0
configure:4345: result: yes
configure:4519: checking for cos in -lm
configure:4544: g++ -o conftest -g -O2  -I/usr/include  -L/usr/lib64 conftest.cpp -lm   >&5
conftest.cpp:19:6: warning: declaration of 'char cos()' conflicts with built-in declaration 'double cos(double)' [-Wbuiltin-declaration-mismatch]
 char cos ();
      ^~~
configure:4544: $? = 0
configure:4553: result: yes
configure:4561: checking for deflate in -lz
configure:4586: g++ -o conftest -g -O2  -I/usr/include  -L/usr/lib64 conftest.cpp -lz  -lm  >&5
configure:4586: $? = 0
configure:4595: result: yes
configure:4607: checking for main in -lrcsc_geom
configure:4626: g++ -o conftest -g -O2  -I/usr/include  -L/usr/lib64 conftest.cpp -lrcsc_geom  -lz -lm  >&5
configure:4626: $? = 0
configure:4635: result: yes
configure:4643: checking for main in -lrcsc_rcg
configure:4662: g++ -o conftest -g -O2  -I/usr/include  -L/usr/lib64 conftest.cpp -lrcsc_rcg  -lrcsc_geom -lz -lm  >&5
configure:4662: $? = 0
configure:4671: result: yes
configure:4680: checking for main in -lrcsc_gz
configure:4699: g++ -o conftest -g -O2  -I/usr/include  -L/usr/lib64 conftest.cpp -lrcsc_gz  -lrcsc_rcg -lrcsc_geom -lz -lm  >&5
configure:4699: $? = 0
configure:4708: result: yes
configure:4719: checking for main in -lrcsc_param
configure:4738: g++ -o conftest -g -O2  -I/usr/include  -L/usr/lib64 conftest.cpp -lrcsc_param  -lrcsc_gz -lrcsc_rcg -lrcsc_geom -lz -lm  >&5
configure:4738: $? = 0
configure:4747: result: yes
configure:4755: checking for main in -lrcsc_time
configure:4774: g++ -o conftest -g -O2  -I/usr/include  -L/usr/lib64 conftest.cpp -lrcsc_time  -lrcsc_param -lrcsc_gz -lrcsc_rcg -lrcsc_geom -lz -lm  >&5
configure:4774: $? = 0
configure:4783: result: yes
configure:4791: checking for main in -lrcsc_net
configure:4810: g++ -o conftest -g -O2  -I/usr/include  -L/usr/lib64 conftest.cpp -lrcsc_net  -lrcsc_time -lrcsc_param -lrcsc_gz -lrcsc_rcg -lrcsc_geom -lz -lm  >&5
configure:4810: $? = 0
configure:4819: result: yes
configure:4827: checking for main in -lrcsc_ann
configure:4846: g++ -o conftest -g -O2  -I/usr/include  -L/usr/lib64 conftest.cpp -lrcsc_ann  -lrcsc_net -lrcsc_time -lrcsc_param -lrcsc_gz -lrcsc_rcg -lrcsc_geom -lz -lm  >&5
configure:4846: $? = 0
configure:4855: result: yes
configure:4863: checking for main in -lrcsc_agent
configure:4882: g++ -o conftest -g -O2  -I/usr/include  -L/usr/lib64 conftest.cpp -lrcsc_agent  -lrcsc_ann -lrcsc_net -lrcsc_time -lrcsc_param -lrcsc_gz -lrcsc_rcg -lrcsc_geom -lz -lm  >&5
configure:4882: $? = 0
configure:4891: result: yes
configure:4907: checking how to run the C++ preprocessor
configure:4934: g++ -E  -I/usr/include conftest.cpp
configure:4934: $? = 0
configure:4948: g++ -E  -I/usr/include conftest.cpp
conftest.cpp:14:10: fatal error: ac_nonexistent.h: No such file or directory
 #include <ac_nonexistent.h>
          ^~~~~~~~~~~~~~~~~~
compilation terminated.
configure:4948: $? = 1
configure: failed program was:
| /* confdefs.h */
| #define PACKAGE_NAME "agent2d"
| #define PACKAGE_TARNAME "agent2d"
| #define PACKAGE_VERSION "3.1.1"
| #define PACKAGE_STRING "agent2d 3.1.1"
| #define PACKAGE_BUGREPORT "akky@users.sourceforge.jp"
| #define PACKAGE_URL ""
| #define PACKAGE "agent2d"
| #define VERSION "3.1.1"
| #define HAVE_BOOST /**/
| #define HAVE_LIBZ 1
| #define HAVE_LIBRCSC_GZ 1
| /* end confdefs.h.  */
| #include <ac_nonexistent.h>
configure:4973: result: g++ -E
configure:4993: g++ -E  -I/usr/include conftest.cpp
configure:4993: $? = 0
configure:5007: g++ -E  -I/usr/include conftest.cpp
conftest.cpp:14:10: fatal error: ac_nonexistent.h: No such file or directory
 #include <ac_nonexistent.h>
          ^~~~~~~~~~~~~~~~~~
compilation terminated.
configure:5007: $? = 1
configure: failed program was:
| /* confdefs.h */
| #define PACKAGE_NAME "agent2d"
| #define PACKAGE_TARNAME "agent2d"
| #define PACKAGE_VERSION "3.1.1"
| #define PACKAGE_STRING "agent2d 3.1.1"
| #define PACKAGE_BUGREPORT "akky@users.sourceforge.jp"
| #define PACKAGE_URL ""
| #define PACKAGE "agent2d"
| #define VERSION "3.1.1"
| #define HAVE_BOOST /**/
| #define HAVE_LIBZ 1
| #define HAVE_LIBRCSC_GZ 1
| /* end confdefs.h.  */
| #include <ac_nonexistent.h>
configure:5036: checking for grep that handles long lines and -e
configure:5094: result: /bin/grep
configure:5099: checking for egrep
configure:5161: result: /bin/grep -E
configure:5166: checking for ANSI C header files
configure:5186: g++ -c -g -O2  -I/usr/include conftest.cpp >&5
configure:5186: $? = 0
configure:5259: g++ -o conftest -g -O2  -I/usr/include  -L/usr/lib64 conftest.cpp -lrcsc_agent -lrcsc_ann -lrcsc_net -lrcsc_time -lrcsc_param -lrcsc_gz -lrcsc_rcg -lrcsc_geom -lz -lm  >&5
configure:5259: $? = 0
configure:5259: ./conftest
configure:5259: $? = 0
configure:5270: result: yes
configure:5283: checking for sys/types.h
configure:5283: g++ -c -g -O2  -I/usr/include conftest.cpp >&5
configure:5283: $? = 0
configure:5283: result: yes
configure:5283: checking for sys/stat.h
configure:5283: g++ -c -g -O2  -I/usr/include conftest.cpp >&5
configure:5283: $? = 0
configure:5283: result: yes
configure:5283: checking for stdlib.h
configure:5283: g++ -c -g -O2  -I/usr/include conftest.cpp >&5
configure:5283: $? = 0
configure:5283: result: yes
configure:5283: checking for string.h
configure:5283: g++ -c -g -O2  -I/usr/include conftest.cpp >&5
configure:5283: $? = 0
configure:5283: result: yes
configure:5283: checking for memory.h
configure:5283: g++ -c -g -O2  -I/usr/include conftest.cpp >&5
configure:5283: $? = 0
configure:5283: result: yes
configure:5283: checking for strings.h
configure:5283: g++ -c -g -O2  -I/usr/include conftest.cpp >&5
configure:5283: $? = 0
configure:5283: result: yes
configure:5283: checking for inttypes.h
configure:5283: g++ -c -g -O2  -I/usr/include conftest.cpp >&5
configure:5283: $? = 0
configure:5283: result: yes
configure:5283: checking for stdint.h
configure:5283: g++ -c -g -O2  -I/usr/include conftest.cpp >&5
configure:5283: $? = 0
configure:5283: result: yes
configure:5283: checking for unistd.h
configure:5283: g++ -c -g -O2  -I/usr/include conftest.cpp >&5
configure:5283: $? = 0
configure:5283: result: yes
configure:5297: checking rcsc/types.h usability
configure:5297: g++ -c -g -O2  -I/usr/include conftest.cpp >&5
configure:5297: $? = 0
configure:5297: result: yes
configure:5297: checking rcsc/types.h presence
configure:5297: g++ -E  -I/usr/include conftest.cpp
configure:5297: $? = 0
configure:5297: result: yes
configure:5297: checking for rcsc/types.h
configure:5297: result: yes
configure:5310: checking for stdbool.h that conforms to C99
configure:5377: g++ -c -g -O2  -I/usr/include conftest.cpp >&5
conftest.cpp:28:2: error: expected unqualified-id before string constant
  "error: bool is not defined"
  ^~~~~~~~~~~~~~~~~~~~~~~~~~~~
conftest.cpp:46:36: error: 's' does not name a type
  struct s { _Bool s: 1; _Bool t; } s;
                                    ^
conftest.cpp:56:16: error: 's' was not declared in this scope
  char i[sizeof s.t];
                ^
conftest.cpp: In function 'int main()':
conftest.cpp:74:12: error: 's' was not declared in this scope
  bool e = &s;
            ^
conftest.cpp:78:51: error: 'i' was not declared in this scope
  return (!a + !b + !c + !d + !e + !f + !g + !h + !i + !!j + !k + !!l
                                                   ^
configure:5377: $? = 1
configure: failed program was:
| /* confdefs.h */
| #define PACKAGE_NAME "agent2d"
| #define PACKAGE_TARNAME "agent2d"
| #define PACKAGE_VERSION "3.1.1"
| #define PACKAGE_STRING "agent2d 3.1.1"
| #define PACKAGE_BUGREPORT "akky@users.sourceforge.jp"
| #define PACKAGE_URL ""
| #define PACKAGE "agent2d"
| #define VERSION "3.1.1"
| #define HAVE_BOOST /**/
| #define HAVE_LIBZ 1
| #define HAVE_LIBRCSC_GZ 1
| #define STDC_HEADERS 1
| #define HAVE_SYS_TYPES_H 1
| #define HAVE_SYS_STAT_H 1
| #define HAVE_STDLIB_H 1
| #define HAVE_STRING_H 1
| #define HAVE_MEMORY_H 1
| #define HAVE_STRINGS_H 1
| #define HAVE_INTTYPES_H 1
| #define HAVE_STDINT_H 1
| #define HAVE_UNISTD_H 1
| #define HAVE_RCSC_TYPES_H 1
| /* end confdefs.h.  */
| 
| #include <stdbool.h>
| #ifndef bool
|  "error: bool is not defined"
| #endif
| #ifndef false
|  "error: false is not defined"
| #endif
| #if false
|  "error: false is not 0"
| #endif
| #ifndef true
|  "error: true is not defined"
| #endif
| #if true != 1
|  "error: true is not 1"
| #endif
| #ifndef __bool_true_false_are_defined
|  "error: __bool_true_false_are_defined is not defined"
| #endif
| 
| 	struct s { _Bool s: 1; _Bool t; } s;
| 
| 	char a[true == 1 ? 1 : -1];
| 	char b[false == 0 ? 1 : -1];
| 	char c[__bool_true_false_are_defined == 1 ? 1 : -1];
| 	char d[(bool) 0.5 == true ? 1 : -1];
| 	/* See body of main program for 'e'.  */
| 	char f[(_Bool) 0.0 == false ? 1 : -1];
| 	char g[true];
| 	char h[sizeof (_Bool)];
| 	char i[sizeof s.t];
| 	enum { j = false, k = true, l = false * true, m = true * 256 };
| 	/* The following fails for
| 	   HP aC++/ANSI C B3910B A.05.55 [Dec 04 2003]. */
| 	_Bool n[m];
| 	char o[sizeof n == m * sizeof n[0] ? 1 : -1];
| 	char p[-1 - (_Bool) 0 < 0 && -1 - (bool) 0 < 0 ? 1 : -1];
| 	/* Catch a bug in an HP-UX C compiler.  See
| 	   http://gcc.gnu.org/ml/gcc-patches/2003-12/msg02303.html
| 	   http://lists.gnu.org/archive/html/bug-coreutils/2005-11/msg00161.html
| 	 */
| 	_Bool q = true;
| 	_Bool *pq = &q;
| 
| int
| main ()
| {
| 
| 	bool e = &s;
| 	*pq |= q;
| 	*pq |= ! q;
| 	/* Refer to every declared value, to avoid compiler optimizations.  */
| 	return (!a + !b + !c + !d + !e + !f + !g + !h + !i + !!j + !k + !!l
| 		+ !m + !n + !o + !p + !q + !pq);
| 
|   ;
|   return 0;
| }
configure:5384: result: no
configure:5386: checking for _Bool
configure:5386: g++ -c -g -O2  -I/usr/include conftest.cpp >&5
conftest.cpp: In function 'int main()':
conftest.cpp:61:13: error: '_Bool' was not declared in this scope
 if (sizeof (_Bool))
             ^~~~~
conftest.cpp:61:13: note: suggested alternative: 'bool'
 if (sizeof (_Bool))
             ^~~~~
             bool
configure:5386: $? = 1
configure: failed program was:
| /* confdefs.h */
| #define PACKAGE_NAME "agent2d"
| #define PACKAGE_TARNAME "agent2d"
| #define PACKAGE_VERSION "3.1.1"
| #define PACKAGE_STRING "agent2d 3.1.1"
| #define PACKAGE_BUGREPORT "akky@users.sourceforge.jp"
| #define PACKAGE_URL ""
| #define PACKAGE "agent2d"
| #define VERSION "3.1.1"
| #define HAVE_BOOST /**/
| #define HAVE_LIBZ 1
| #define HAVE_LIBRCSC_GZ 1
| #define STDC_HEADERS 1
| #define HAVE_SYS_TYPES_H 1
| #define HAVE_SYS_STAT_H 1
| #define HAVE_STDLIB_H 1
| #define HAVE_STRING_H 1
| #define HAVE_MEMORY_H 1
| #define HAVE_STRINGS_H 1
| #define HAVE_INTTYPES_H 1
| #define HAVE_STDINT_H 1
| #define HAVE_UNISTD_H 1
| #define HAVE_RCSC_TYPES_H 1
| /* end confdefs.h.  */
| #include <stdio.h>
| #ifdef HAVE_SYS_TYPES_H
| # include <sys/types.h>
| #endif
| #ifdef HAVE_SYS_STAT_H
| # include <sys/stat.h>
| #endif
| #ifdef STDC_HEADERS
| # include <stdlib.h>
| # include <stddef.h>
| #else
| # ifdef HAVE_STDLIB_H
| #  include <stdlib.h>
| # endif
| #endif
| #ifdef HAVE_STRING_H
| # if !defined STDC_HEADERS && defined HAVE_MEMORY_H
| #  include <memory.h>
| # endif
| # include <string.h>
| #endif
| #ifdef HAVE_STRINGS_H
| # include <strings.h>
| #endif
| #ifdef HAVE_INTTYPES_H
| # include <inttypes.h>
| #endif
| #ifdef HAVE_STDINT_H
| # include <stdint.h>
| #endif
| #ifdef HAVE_UNISTD_H
| # include <unistd.h>
| #endif
| int
| main ()
| {
| if (sizeof (_Bool))
| 	 return 0;
|   ;
|   return 0;
| }
configure:5386: result: no
configure:5402: checking for an ANSI C-conforming const
configure:5467: g++ -c -g -O2  -I/usr/include conftest.cpp >&5
configure:5467: $? = 0
configure:5474: result: yes
configure:5482: checking for inline
configure:5498: g++ -c -g -O2  -I/usr/include conftest.cpp >&5
configure:5498: $? = 0
configure:5506: result: inline
configure:5524: checking for size_t
configure:5524: g++ -c -g -O2  -I/usr/include conftest.cpp >&5
configure:5524: $? = 0
configure:5524: g++ -c -g -O2  -I/usr/include conftest.cpp >&5
conftest.cpp: In function 'int main()':
conftest.cpp:61:20: error: expected primary-expression before ')' token
 if (sizeof ((size_t)))
                    ^
configure:5524: $? = 1
configure: failed program was:
| /* confdefs.h */
| #define PACKAGE_NAME "agent2d"
| #define PACKAGE_TARNAME "agent2d"
| #define PACKAGE_VERSION "3.1.1"
| #define PACKAGE_STRING "agent2d 3.1.1"
| #define PACKAGE_BUGREPORT "akky@users.sourceforge.jp"
| #define PACKAGE_URL ""
| #define PACKAGE "agent2d"
| #define VERSION "3.1.1"
| #define HAVE_BOOST /**/
| #define HAVE_LIBZ 1
| #define HAVE_LIBRCSC_GZ 1
| #define STDC_HEADERS 1
| #define HAVE_SYS_TYPES_H 1
| #define HAVE_SYS_STAT_H 1
| #define HAVE_STDLIB_H 1
| #define HAVE_STRING_H 1
| #define HAVE_MEMORY_H 1
| #define HAVE_STRINGS_H 1
| #define HAVE_INTTYPES_H 1
| #define HAVE_STDINT_H 1
| #define HAVE_UNISTD_H 1
| #define HAVE_RCSC_TYPES_H 1
| /* end confdefs.h.  */
| #include <stdio.h>
| #ifdef HAVE_SYS_TYPES_H
| # include <sys/types.h>
| #endif
| #ifdef HAVE_SYS_STAT_H
| # include <sys/stat.h>
| #endif
| #ifdef STDC_HEADERS
| # include <stdlib.h>
| # include <stddef.h>
| #else
| # ifdef HAVE_STDLIB_H
| #  include <stdlib.h>
| # endif
| #endif
| #ifdef HAVE_STRING_H
| # if !defined STDC_HEADERS && defined HAVE_MEMORY_H
| #  include <memory.h>
| # endif
| # include <string.h>
| #endif
| #ifdef HAVE_STRINGS_H
| # include <strings.h>
| #endif
| #ifdef HAVE_INTTYPES_H
| # include <inttypes.h>
| #endif
| #ifdef HAVE_STDINT_H
| # include <stdint.h>
| #endif
| #ifdef HAVE_UNISTD_H
| # include <unistd.h>
| #endif
| int
| main ()
| {
| if (sizeof ((size_t)))
| 	    return 0;
|   ;
|   return 0;
| }
configure:5524: result: yes
configure:5535: checking whether time.h and sys/time.h may both be included
configure:5555: g++ -c -g -O2  -I/usr/include conftest.cpp >&5
configure:5555: $? = 0
configure:5562: result: yes
configure:5587: checking for ANSI C header files
configure:5691: result: yes
configure:5702: checking for floor
configure:5702: g++ -o conftest -g -O2  -I/usr/include  -L/usr/lib64 conftest.cpp -lrcsc_agent -lrcsc_ann -lrcsc_net -lrcsc_time -lrcsc_param -lrcsc_gz -lrcsc_rcg -lrcsc_geom -lz -lm  >&5
conftest.cpp:50:6: warning: declaration of 'char floor()' conflicts with built-in declaration 'double floor(double)' [-Wbuiltin-declaration-mismatch]
 char floor ();
      ^~~~~
configure:5702: $? = 0
configure:5702: result: yes
configure:5702: checking for pow
configure:5702: g++ -o conftest -g -O2  -I/usr/include  -L/usr/lib64 conftest.cpp -lrcsc_agent -lrcsc_ann -lrcsc_net -lrcsc_time -lrcsc_param -lrcsc_gz -lrcsc_rcg -lrcsc_geom -lz -lm  >&5
conftest.cpp:51:6: warning: declaration of 'char pow()' conflicts with built-in declaration 'double pow(double, double)' [-Wbuiltin-declaration-mismatch]
 char pow ();
      ^~~
configure:5702: $? = 0
configure:5702: result: yes
configure:5702: checking for sqrt
configure:5702: g++ -o conftest -g -O2  -I/usr/include  -L/usr/lib64 conftest.cpp -lrcsc_agent -lrcsc_ann -lrcsc_net -lrcsc_time -lrcsc_param -lrcsc_gz -lrcsc_rcg -lrcsc_geom -lz -lm  >&5
conftest.cpp:52:6: warning: declaration of 'char sqrt()' conflicts with built-in declaration 'double sqrt(double)' [-Wbuiltin-declaration-mismatch]
 char sqrt ();
      ^~~~
configure:5702: $? = 0
configure:5702: result: yes
configure:5702: checking for strerror
configure:5702: g++ -o conftest -g -O2  -I/usr/include  -L/usr/lib64 conftest.cpp -lrcsc_agent -lrcsc_ann -lrcsc_net -lrcsc_time -lrcsc_param -lrcsc_gz -lrcsc_rcg -lrcsc_geom -lz -lm  >&5
configure:5702: $? = 0
configure:5702: result: yes
configure:5848: creating ./config.status

## ---------------------- ##
## Running config.status. ##
## ---------------------- ##

This file was extended by agent2d config.status 3.1.1, which was
generated by GNU Autoconf 2.68.  Invocation command line was

  CONFIG_FILES    = 
  CONFIG_HEADERS  = 
  CONFIG_LINKS    = 
  CONFIG_COMMANDS = 
  $ ./config.status 

on pedrofranki-Lenovo-ideapad-310-15ISK

config.status:884: creating Makefile
config.status:884: creating src/Makefile
config.status:884: creating src/start.sh
config.status:884: creating src/keepaway.sh
config.status:884: creating src/train.sh
config.status:884: creating config.h
config.status:1113: executing depfiles commands

## ---------------- ##
## Cache variables. ##
## ---------------- ##

ac_cv_c_compiler_gnu=yes
ac_cv_c_const=yes
ac_cv_c_inline=inline
ac_cv_cxx_compiler_gnu=yes
ac_cv_env_CCC_set=
ac_cv_env_CCC_value=
ac_cv_env_CC_set=
ac_cv_env_CC_value=
ac_cv_env_CFLAGS_set=
ac_cv_env_CFLAGS_value=
ac_cv_env_CPPFLAGS_set=
ac_cv_env_CPPFLAGS_value=
ac_cv_env_CXXCPP_set=
ac_cv_env_CXXCPP_value=
ac_cv_env_CXXFLAGS_set=
ac_cv_env_CXXFLAGS_value=
ac_cv_env_CXX_set=
ac_cv_env_CXX_value=
ac_cv_env_LDFLAGS_set=
ac_cv_env_LDFLAGS_value=
ac_cv_env_LIBS_set=
ac_cv_env_LIBS_value=
ac_cv_env_build_alias_set=
ac_cv_env_build_alias_value=
ac_cv_env_host_alias_set=
ac_cv_env_host_alias_value=
ac_cv_env_target_alias_set=
ac_cv_env_target_alias_value=
ac_cv_func_floor=yes
ac_cv_func_pow=yes
ac_cv_func_sqrt=yes
ac_cv_func_strerror=yes
ac_cv_header_inttypes_h=yes
ac_cv_header_memory_h=yes
ac_cv_header_rcsc_types_h=yes
ac_cv_header_stdbool_h=no
ac_cv_header_stdc=yes
ac_cv_header_stdint_h=yes
ac_cv_header_stdlib_h=yes
ac_cv_header_string_h=yes
ac_cv_header_strings_h=yes
ac_cv_header_sys_stat_h=yes
ac_cv_header_sys_types_h=yes
ac_cv_header_time=yes
ac_cv_header_unistd_h=yes
ac_cv_lib_m_cos=yes
ac_cv_lib_rcsc_agent_main=yes
ac_cv_lib_rcsc_ann_main=yes
ac_cv_lib_rcsc_geom_main=yes
ac_cv_lib_rcsc_gz_main=yes
ac_cv_lib_rcsc_net_main=yes
ac_cv_lib_rcsc_param_main=yes
ac_cv_lib_rcsc_rcg_main=yes
ac_cv_lib_rcsc_time_main=yes
ac_cv_lib_z_deflate=yes
ac_cv_objext=o
ac_cv_path_EGREP='/bin/grep -E'
ac_cv_path_GREP=/bin/grep
ac_cv_path_install='/usr/bin/install -c'
ac_cv_path_mkdir=/bin/mkdir
ac_cv_prog_AWK=mawk
ac_cv_prog_CXXCPP='g++ -E'
ac_cv_prog_ac_ct_CC=gcc
ac_cv_prog_ac_ct_CXX=g++
ac_cv_prog_ac_ct_RANLIB=ranlib
ac_cv_prog_cc_c89=
ac_cv_prog_cc_g=yes
ac_cv_prog_cxx_g=yes
ac_cv_prog_make_make_set=yes
ac_cv_type__Bool=no
ac_cv_type_size_t=yes
am_cv_CC_dependencies_compiler_type=gcc3
am_cv_CXX_dependencies_compiler_type=gcc3

## ----------------- ##
## Output variables. ##
## ----------------- ##

ACLOCAL='${SHELL} /home/pedrofranki/FutSimulator/crossbots/agent2D/Futebol-2d---Crossbots/config/missing --run aclocal-1.11'
AMDEPBACKSLASH='\'
AMDEP_FALSE='#'
AMDEP_TRUE=''
AMTAR='${SHELL} /home/pedrofranki/FutSimulator/crossbots/agent2D/Futebol-2d---Crossbots/config/missing --run tar'
AUTOCONF='${SHELL} /home/pedrofranki/FutSimulator/crossbots/agent2D/Futebol-2d---Crossbots/config/missing --run autoconf'
AUTOHEADER='${SHELL} /home/pedrofranki/FutSimulator/crossbots/agent2D/Futebol-2d---Crossbots/config/missing --run autoheader'
AUTOMAKE='${SHELL} /home/pedrofranki/FutSimulator/crossbots/agent2D/Futebol-2d---Crossbots/config/missing --run automake-1.11'
AWK='mawk'
BOOST_CPPFLAGS='-I/usr/include'
BOOST_LDFLAGS='-L/usr/lib64'
CC='gcc'
CCDEPMODE='depmode=gcc3'
CFLAGS='-g -O2'
CPPFLAGS=' -I/usr/include'
CXX='g++'
CXXCPP='g++ -E'
CXXDEPMODE='depmode=gcc3'
CXXFLAGS='-g -O2'
CYGPATH_W='echo'
DEFS='-DHAVE_CONFIG_H'
DEPDIR='.deps'
ECHO_C=''
ECHO_N='-n'
ECHO_T=''
EGREP='/bin/grep -E'
EXEEXT=''
GREP='/bin/grep'
INSTALL_DATA='${INSTALL} -m 644'
INSTALL_PROGRAM='${INSTALL}'
INSTALL_SCRIPT='${INSTALL}'
INSTALL_STRIP_PROGRAM='$(install_sh) -c -s'
LDFLAGS=' -L/usr/lib64'
LIBOBJS=''
LIBRCSCLIB='/usr/local/lib'
LIBS='-lrcsc_agent -lrcsc_ann -lrcsc_net -lrcsc_time -lrcsc_param -lrcsc_gz -lrcsc_rcg -lrcsc_geom -lz -lm '
LN_S='ln -s'
LTLIBOBJS=''
MAKEINFO='${SHELL} /home/pedrofranki/FutSimulator/crossbots/agent2D/Futebol-2d---Crossbots/config/missing --run makeinfo'
MKDIR_P='/bin/mkdir -p'
OBJEXT='o'
PACKAGE='agent2d'
PACKAGE_BUGREPORT='akky@users.sourceforge.jp'
PACKAGE_NAME='agent2d'
PACKAGE_STRING='agent2d 3.1.1'
PACKAGE_TARNAME='agent2d'
PACKAGE_URL=''
PACKAGE_VERSION='3.1.1'
PATH_SEPARATOR=':'
RANLIB='ranlib'
SET_MAKE=''
SHELL='/bin/bash'
STRIP=''
VERSION='3.1.1'
ac_ct_CC='gcc'
ac_ct_CXX='g++'
am__EXEEXT_FALSE=''
am__EXEEXT_TRUE='#'
am__fastdepCC_FALSE='#'
am__fastdepCC_TRUE=''
am__fastdepCXX_FALSE='#'
am__fastdepCXX_TRUE=''
am__include='include'
am__isrc=''
am__leading_dot='.'
am__quote=''
am__tar='${AMTAR} chof - "$$tardir"'
am__untar='${AMTAR} xf -'
bindir='${exec_prefix}/bin'
build_alias=''
datadir='${datarootdir}'
datarootdir='${prefix}/share'
docdir='${datarootdir}/doc/${PACKAGE_TARNAME}'
dvidir='${docdir}'
exec_prefix='${prefix}'
host_alias=''
htmldir='${docdir}'
includedir='${prefix}/include'
infodir='${datarootdir}/info'
install_sh='${SHELL} /home/pedrofranki/FutSimulator/crossbots/agent2D/Futebol-2d---Crossbots/config/install-sh'
libdir='${exec_prefix}/lib'
libexecdir='${exec_prefix}/libexec'
localedir='${datarootdir}/locale'
localstatedir='${prefix}/var'
mandir='${datarootdir}/man'
mkdir_p='/bin/mkdir -p'
oldincludedir='/usr/include'
pdfdir='${docdir}'
prefix='/usr/local'
program_transform_name='s,x,x,'
psdir='${docdir}'
sbindir='${exec_prefix}/sbin'
sharedstatedir='${prefix}/com'
sysconfdir='${prefix}/etc'
target_alias=''

## ----------- ##
## confdefs.h. ##
## ----------- ##

/* confdefs.h */
#define PACKAGE_NAME "agent2d"
#define PACKAGE_TARNAME "agent2d"
#define PACKAGE_VERSION "3.1.1"
#define PACKAGE_STRING "agent2d 3.1.1"
#define PACKAGE_BUGREPORT "akky@users.sourceforge.jp"
#define PACKAGE_URL ""
#define PACKAGE "agent2d"
#define VERSION "3.1.1"
#define HAVE_BOOST /**/
#define HAVE_LIBZ 1
#define HAVE_LIBRCSC_GZ 1
#define STDC_HEADERS 1
#define HAVE_SYS_TYPES_H 1
#define HAVE_SYS_STAT_H 1
#define HAVE_STDLIB_H 1
#define HAVE_STRING_H 1
#define HAVE_MEMORY_H 1
#define HAVE_STRINGS_H 1
#define HAVE_INTTYPES_H 1
#define HAVE_STDINT_H 1
#define HAVE_UNISTD_H 1
#define HAVE_RCSC_TYPES_H 1
#define TIME_WITH_SYS_TIME 1
#define STDC_HEADERS 1
#define HAVE_FLOOR 1
#define HAVE_POW 1
#define HAVE_SQRT 1
#define HAVE_STRERROR 1

configure: exit 0
